{
  "RSpec": {
    "coverage": {
      "/Users/himalmandalia/Code/git/ministryofjustice/noms-api-gateway-management/config/environment.rb": [
        null,
        1,
        null,
        null,
        1
      ],
      "/Users/himalmandalia/Code/git/ministryofjustice/noms-api-gateway-management/config/application.rb": [
        1,
        null,
        1,
        null,
        null,
        null,
        1,
        null,
        1,
        1,
        null,
        null,
        null,
        null,
        1,
        1,
        1,
        1,
        1,
        null,
        1,
        null,
        1,
        1,
        1,
        null,
        null,
        null
      ],
      "/Users/himalmandalia/Code/git/ministryofjustice/noms-api-gateway-management/config/boot.rb": [
        1,
        null,
        1
      ],
      "/Users/himalmandalia/Code/git/ministryofjustice/noms-api-gateway-management/config/environments/test.rb": [
        1,
        null,
        null,
        null,
        null,
        null,
        null,
        1,
        null,
        null,
        null,
        null,
        1,
        null,
        null,
        1,
        1,
        null,
        null,
        null,
        null,
        1,
        1,
        null,
        null,
        1,
        null,
        null,
        1,
        1,
        null,
        null,
        null,
        null,
        1,
        null,
        null,
        1,
        null,
        null,
        null,
        null
      ],
      "/Users/himalmandalia/Code/git/ministryofjustice/noms-api-gateway-management/config/initializers/application_controller_renderer.rb": [
        null,
        null,
        null,
        null,
        null,
        null
      ],
      "/Users/himalmandalia/Code/git/ministryofjustice/noms-api-gateway-management/config/initializers/assets.rb": [
        null,
        null,
        null,
        1,
        null,
        null,
        null,
        null,
        null,
        null,
        null,
        1
      ],
      "/Users/himalmandalia/Code/git/ministryofjustice/noms-api-gateway-management/config/initializers/backtrace_silencers.rb": [
        null,
        null,
        null,
        null,
        null,
        null,
        null
      ],
      "/Users/himalmandalia/Code/git/ministryofjustice/noms-api-gateway-management/config/initializers/cookies_serializer.rb": [
        null,
        null,
        null,
        null,
        1
      ],
      "/Users/himalmandalia/Code/git/ministryofjustice/noms-api-gateway-management/config/initializers/filter_parameter_logging.rb": [
        null,
        null,
        null,
        1
      ],
      "/Users/himalmandalia/Code/git/ministryofjustice/noms-api-gateway-management/config/initializers/inflections.rb": [
        null,
        null,
        null,
        null,
        null,
        null,
        null,
        null,
        null,
        null,
        null,
        null,
        null,
        null,
        null,
        null
      ],
      "/Users/himalmandalia/Code/git/ministryofjustice/noms-api-gateway-management/config/initializers/mime_types.rb": [
        null,
        null,
        null,
        null
      ],
      "/Users/himalmandalia/Code/git/ministryofjustice/noms-api-gateway-management/config/initializers/new_framework_defaults.rb": [
        null,
        null,
        null,
        null,
        null,
        null,
        null,
        1,
        null,
        null,
        1,
        null,
        null,
        null,
        1,
        null,
        null,
        1,
        null,
        null,
        1,
        null,
        null,
        1
      ],
      "/Users/himalmandalia/Code/git/ministryofjustice/noms-api-gateway-management/config/initializers/session_store.rb": [
        null,
        null,
        1
      ],
      "/Users/himalmandalia/Code/git/ministryofjustice/noms-api-gateway-management/config/initializers/wrap_parameters.rb": [
        null,
        null,
        null,
        null,
        null,
        null,
        1,
        1,
        null,
        null,
        null,
        null,
        null,
        null
      ],
      "/Users/himalmandalia/Code/git/ministryofjustice/noms-api-gateway-management/config/routes.rb": [
        1,
        1,
        1,
        null,
        1,
        1,
        null
      ],
      "/Users/himalmandalia/Code/git/ministryofjustice/noms-api-gateway-management/app/controllers/access_requests_controller.rb": [
        1,
        1,
        null,
        null,
        1,
        1,
        null,
        null,
        null,
        1,
        null,
        null,
        null,
        1,
        1,
        null,
        null,
        null,
        1,
        null,
        null,
        null,
        1,
        0,
        null,
        0,
        0,
        null,
        0,
        null,
        null,
        null,
        null,
        1,
        0,
        0,
        null,
        0,
        null,
        null,
        null,
        null,
        1,
        0,
        0,
        null,
        null,
        1,
        null,
        1,
        0,
        null,
        null,
        null,
        1,
        0,
        null,
        null
      ],
      "/Users/himalmandalia/Code/git/ministryofjustice/noms-api-gateway-management/app/controllers/application_controller.rb": [
        1,
        1,
        null
      ],
      "/Users/himalmandalia/Code/git/ministryofjustice/noms-api-gateway-management/app/helpers/application_helper.rb": [
        1,
        null
      ],
      "/Users/himalmandalia/Code/git/ministryofjustice/noms-api-gateway-management/app/helpers/access_requests_helper.rb": [
        1,
        null
      ],
      "/Users/himalmandalia/Code/git/ministryofjustice/noms-api-gateway-management/app/helpers/home_helper.rb": [
        1,
        null
      ],
      "/Users/himalmandalia/Code/git/ministryofjustice/noms-api-gateway-management/app/helpers/tokens_helper.rb": [
        1,
        null
      ],
      "/Users/himalmandalia/Code/git/ministryofjustice/noms-api-gateway-management/spec/controllers/home_controller_spec.rb": [
        1,
        null,
        1,
        null,
        1,
        1,
        1,
        1,
        null,
        null,
        null,
        null
      ],
      "/Users/himalmandalia/Code/git/ministryofjustice/noms-api-gateway-management/app/controllers/home_controller.rb": [
        1,
        1,
        null,
        null
      ],
      "/Users/himalmandalia/Code/git/ministryofjustice/noms-api-gateway-management/spec/controllers/tokens_controller_spec.rb": [
        1,
        null,
        null,
        null,
        null,
        null,
        null,
        null,
        null,
        null,
        null,
        null,
        null,
        null,
        null,
        null,
        null,
        null,
        null,
        null,
        1,
        null,
        null,
        null,
        null,
        1,
        13,
        null,
        null,
        1,
        2,
        null,
        null,
        null,
        null,
        null,
        2,
        null,
        1,
        1,
        1,
        0,
        0,
        null,
        null,
        null,
        1,
        1,
        1,
        0,
        0,
        null,
        null,
        null,
        1,
        1,
        1,
        1,
        null,
        null,
        null,
        1,
        1,
        1,
        0,
        0,
        null,
        null,
        null,
        1,
        1,
        1,
        1,
        1,
        null,
        null,
        null,
        1,
        1,
        0,
        0,
        null,
        null,
        1,
        1,
        0,
        null,
        null,
        null,
        1,
        1,
        1,
        0,
        null,
        null,
        1,
        1,
        0,
        null,
        null,
        null,
        null,
        1,
        1,
        1,
        0,
        null,
        null,
        1,
        1,
        0,
        0,
        0,
        null,
        null,
        1,
        1,
        0,
        0,
        null,
        null,
        1,
        1,
        0,
        0,
        null,
        null,
        null,
        1,
        1,
        1,
        0,
        0,
        null,
        null,
        1,
        1,
        0,
        0,
        null,
        null,
        null,
        null,
        1,
        1,
        1,
        0,
        0,
        null,
        null,
        null,
        1,
        1,
        0,
        0,
        null,
        null,
        null,
        null
      ],
      "/Users/himalmandalia/Code/git/ministryofjustice/noms-api-gateway-management/app/controllers/tokens_controller.rb": [
        1,
        1,
        null,
        null,
        1,
        1,
        null,
        null,
        null,
        1,
        null,
        null,
        null,
        1,
        1,
        null,
        null,
        null,
        1,
        null,
        null,
        null,
        1,
        0,
        null,
        0,
        0,
        null,
        0,
        null,
        null,
        null,
        null,
        1,
        0,
        0,
        null,
        0,
        null,
        null,
        null,
        null,
        1,
        0,
        0,
        null,
        null,
        1,
        null,
        1,
        0,
        null,
        null,
        null,
        1,
        0,
        null,
        null
      ],
      "/Users/himalmandalia/Code/git/ministryofjustice/noms-api-gateway-management/spec/models/access_request_spec.rb": [
        1,
        null,
        1,
        2,
        2,
        2,
        null
      ],
      "/Users/himalmandalia/Code/git/ministryofjustice/noms-api-gateway-management/app/models/access_request.rb": [
        1,
        1,
        null
      ],
      "/Users/himalmandalia/Code/git/ministryofjustice/noms-api-gateway-management/app/models/application_record.rb": [
        1,
        1,
        null
      ],
      "/Users/himalmandalia/Code/git/ministryofjustice/noms-api-gateway-management/spec/models/token_spec.rb": [
        1,
        null,
        1,
        2,
        2,
        2,
        2,
        2,
        2,
        2,
        null
      ],
      "/Users/himalmandalia/Code/git/ministryofjustice/noms-api-gateway-management/app/models/token.rb": [
        1,
        1,
        null,
        null
      ],
      "/Users/himalmandalia/Code/git/ministryofjustice/noms-api-gateway-management/spec/requests/access_requests_spec.rb": [
        1,
        null,
        1,
        1,
        1,
        1,
        1,
        null,
        null,
        null
      ],
      "/Users/himalmandalia/Code/git/ministryofjustice/noms-api-gateway-management/spec/requests/tokens_spec.rb": [
        1,
        null,
        1,
        1,
        1,
        1,
        1,
        null,
        null,
        null
      ],
      "/Users/himalmandalia/Code/git/ministryofjustice/noms-api-gateway-management/spec/routing/access_requests_routing_spec.rb": [
        1,
        null,
        1,
        1,
        null,
        1,
        1,
        null,
        null,
        1,
        1,
        null,
        null,
        1,
        1,
        null,
        null,
        1,
        1,
        null,
        null,
        1,
        1,
        null,
        null,
        1,
        1,
        null,
        null,
        1,
        1,
        null,
        null,
        1,
        1,
        null,
        null,
        null,
        null
      ],
      "/Users/himalmandalia/Code/git/ministryofjustice/noms-api-gateway-management/spec/routing/tokens_routing_spec.rb": [
        1,
        null,
        1,
        1,
        null,
        1,
        1,
        null,
        null,
        1,
        1,
        null,
        null,
        1,
        1,
        null,
        null,
        1,
        1,
        null,
        null,
        1,
        1,
        null,
        null,
        1,
        1,
        null,
        null,
        1,
        1,
        null,
        null,
        1,
        1,
        null,
        null,
        null,
        null
      ]
    },
    "timestamp": 1493371651
  }
}
